<?xml version="1.0" encoding="UTF-8"?>
<!-- Generated by org.testng.reporters.JUnitReportReporter -->
<testsuite hostname="DESKTOP-MLD791A" failures="0" tests="1" name="old2.kooora" time="51.494" errors="0" timestamp="2023-10-02T13:56:26 EET" skipped="0">
  <testcase classname="old2.kooora" name="ttt" time="51.494"/>
</testsuite> <!-- old2.kooora -->
